2025-06-03 06:01:49,648 - category_counts_updater - INFO - Starting category count update at 2025-06-03 06:01:49.648962
2025-06-03 06:01:49,997 - category_counts_updater - INFO - Found 38 categories to update
2025-06-03 06:01:50,529 - category_counts_updater - INFO - No change needed for category 'SEO Tools' with count: 2
2025-06-03 06:01:51,055 - category_counts_updater - INFO - No change needed for category 'Automation Tools' with count: 22
2025-06-03 06:01:51,583 - category_counts_updater - INFO - No change needed for category 'Image Editing Tools' with count: 17
2025-06-03 06:01:52,110 - category_counts_updater - INFO - No change needed for category 'Business Tools' with count: 19
2025-06-03 06:01:52,638 - category_counts_updater - INFO - No change needed for category 'Document Management' with count: 3
2025-06-03 06:01:53,165 - category_counts_updater - INFO - No change needed for category 'AI Tools' with count: 102
2025-06-03 06:01:53,694 - category_counts_updater - INFO - No change needed for category 'Communication Tools' with count: 8
2025-06-03 06:01:54,220 - category_counts_updater - INFO - No change needed for category 'Education Tools' with count: 7
2025-06-03 06:01:54,747 - category_counts_updater - INFO - No change needed for category 'Social Media Tools' with count: 0
2025-06-03 06:01:55,277 - category_counts_updater - INFO - No change needed for category 'Collaboration Tools' with count: 0
2025-06-03 06:01:55,804 - category_counts_updater - INFO - No change needed for category 'Productivity Tools' with count: 3
2025-06-03 06:01:56,332 - category_counts_updater - INFO - No change needed for category 'Content Creation' with count: 44
2025-06-03 06:01:56,864 - category_counts_updater - INFO - No change needed for category 'Fashion Tools' with count: 1
2025-06-03 06:01:57,391 - category_counts_updater - INFO - No change needed for category 'Marketing Tools' with count: 0
2025-06-03 06:01:57,917 - category_counts_updater - INFO - No change needed for category 'Artificial Intelligence' with count: 37
2025-06-03 06:01:58,444 - category_counts_updater - INFO - No change needed for category 'AI Applications' with count: 0
2025-06-03 06:01:58,982 - category_counts_updater - INFO - No change needed for category 'Communication' with count: 0
2025-06-03 06:01:59,511 - category_counts_updater - INFO - No change needed for category 'Marketing' with count: 0
2025-06-03 06:02:00,038 - category_counts_updater - INFO - No change needed for category 'SEO' with count: 0
2025-06-03 06:02:00,565 - category_counts_updater - INFO - No change needed for category 'Performance Tracking' with count: 0
2025-06-03 06:02:01,092 - category_counts_updater - INFO - No change needed for category 'Bioengineering' with count: 0
2025-06-03 06:02:01,620 - category_counts_updater - INFO - No change needed for category 'Automation' with count: 0
2025-06-03 06:02:02,148 - category_counts_updater - INFO - No change needed for category 'Collaboration' with count: 0
2025-06-03 06:02:02,497 - category_counts_updater - INFO - No change needed for category 'Fashion' with count: 1
2025-06-03 06:02:03,024 - category_counts_updater - INFO - No change needed for category 'Optimization' with count: 0
2025-06-03 06:02:03,550 - category_counts_updater - INFO - No change needed for category 'Model Generation' with count: 0
2025-06-03 06:02:04,078 - category_counts_updater - INFO - No change needed for category 'Image Editing' with count: 0
2025-06-03 06:02:04,604 - category_counts_updater - INFO - No change needed for category 'Social Media' with count: 0
2025-06-03 06:02:05,131 - category_counts_updater - INFO - No change needed for category 'AI Technology' with count: 0
2025-06-03 06:02:05,657 - category_counts_updater - INFO - No change needed for category 'Fashion Related' with count: 0
2025-06-03 06:02:06,184 - category_counts_updater - INFO - No change needed for category 'Image Processing' with count: 0
2025-06-03 06:02:06,711 - category_counts_updater - INFO - No change needed for category 'Optimization Tools' with count: 0
2025-06-03 06:02:07,253 - category_counts_updater - INFO - No change needed for category 'Business Automation' with count: 0
2025-06-03 06:02:07,780 - category_counts_updater - INFO - No change needed for category 'Data Analysis' with count: 0
2025-06-03 06:02:08,307 - category_counts_updater - INFO - No change needed for category 'Language Models' with count: 0
2025-06-03 06:02:08,834 - category_counts_updater - INFO - No change needed for category 'Productivity Enhancement' with count: 0
2025-06-03 06:02:09,361 - category_counts_updater - INFO - No change needed for category 'E-Commerce Tools' with count: 0
2025-06-03 06:02:09,889 - category_counts_updater - INFO - No change needed for category 'Video Generation' with count: 0
2025-06-03 06:02:09,889 - category_counts_updater - INFO - Category count update completed in 20.24 seconds
2025-06-03 06:02:09,889 - category_counts_updater - INFO - Updated 0 categories out of 38
2025-06-03 06:34:23,453 - category_counts_updater - INFO - Starting category counts update script
2025-06-03 06:34:23,453 - category_counts_updater - INFO - Starting category count update at 2025-06-03 06:34:23.453539
2025-06-03 06:34:25,325 - category_counts_updater - INFO - Found 38 categories to update
2025-06-03 06:34:25,841 - category_counts_updater - INFO - No change needed for category 'SEO Tools' with count: 2
2025-06-03 06:34:26,356 - category_counts_updater - INFO - No change needed for category 'Automation Tools' with count: 22
2025-06-03 06:34:26,872 - category_counts_updater - INFO - No change needed for category 'Image Editing Tools' with count: 17
2025-06-03 06:34:27,387 - category_counts_updater - INFO - No change needed for category 'Business Tools' with count: 19
2025-06-03 06:34:27,901 - category_counts_updater - INFO - No change needed for category 'Document Management' with count: 3
2025-06-03 06:34:28,415 - category_counts_updater - INFO - No change needed for category 'AI Tools' with count: 102
2025-06-03 06:34:28,928 - category_counts_updater - INFO - No change needed for category 'Communication Tools' with count: 8
2025-06-03 06:34:29,442 - category_counts_updater - INFO - No change needed for category 'Education Tools' with count: 7
2025-06-03 06:34:29,959 - category_counts_updater - INFO - No change needed for category 'Social Media Tools' with count: 0
2025-06-03 06:34:30,472 - category_counts_updater - INFO - No change needed for category 'Collaboration Tools' with count: 0
2025-06-03 06:34:30,986 - category_counts_updater - INFO - No change needed for category 'Productivity Tools' with count: 3
2025-06-03 06:34:31,500 - category_counts_updater - INFO - No change needed for category 'Content Creation' with count: 44
2025-06-03 06:34:32,016 - category_counts_updater - INFO - No change needed for category 'Fashion Tools' with count: 1
2025-06-03 06:34:32,539 - category_counts_updater - INFO - No change needed for category 'Marketing Tools' with count: 0
2025-06-03 06:34:33,053 - category_counts_updater - INFO - No change needed for category 'Artificial Intelligence' with count: 37
2025-06-03 06:34:33,566 - category_counts_updater - INFO - No change needed for category 'AI Applications' with count: 0
2025-06-03 06:34:34,094 - category_counts_updater - INFO - No change needed for category 'Communication' with count: 0
2025-06-03 06:34:34,608 - category_counts_updater - INFO - No change needed for category 'Marketing' with count: 0
2025-06-03 06:34:35,130 - category_counts_updater - INFO - No change needed for category 'SEO' with count: 0
2025-06-03 06:34:35,645 - category_counts_updater - INFO - No change needed for category 'Performance Tracking' with count: 0
2025-06-03 06:34:36,159 - category_counts_updater - INFO - No change needed for category 'Bioengineering' with count: 0
2025-06-03 06:34:36,673 - category_counts_updater - INFO - No change needed for category 'Automation' with count: 0
2025-06-03 06:34:37,188 - category_counts_updater - INFO - No change needed for category 'Collaboration' with count: 0
2025-06-03 06:34:37,528 - category_counts_updater - INFO - No change needed for category 'Fashion' with count: 1
2025-06-03 06:34:38,042 - category_counts_updater - INFO - No change needed for category 'Optimization' with count: 0
2025-06-03 06:34:38,556 - category_counts_updater - INFO - No change needed for category 'Model Generation' with count: 0
2025-06-03 06:34:39,070 - category_counts_updater - INFO - No change needed for category 'Image Editing' with count: 0
2025-06-03 06:34:39,584 - category_counts_updater - INFO - No change needed for category 'Social Media' with count: 0
2025-06-03 06:34:40,098 - category_counts_updater - INFO - No change needed for category 'AI Technology' with count: 0
2025-06-03 06:34:40,611 - category_counts_updater - INFO - No change needed for category 'Fashion Related' with count: 0
2025-06-03 06:34:41,126 - category_counts_updater - INFO - No change needed for category 'Image Processing' with count: 0
2025-06-03 06:34:41,640 - category_counts_updater - INFO - No change needed for category 'Optimization Tools' with count: 0
2025-06-03 06:34:42,153 - category_counts_updater - INFO - No change needed for category 'Business Automation' with count: 0
2025-06-03 06:34:42,667 - category_counts_updater - INFO - No change needed for category 'Data Analysis' with count: 0
2025-06-03 06:34:43,181 - category_counts_updater - INFO - No change needed for category 'Language Models' with count: 0
2025-06-03 06:34:43,694 - category_counts_updater - INFO - No change needed for category 'Productivity Enhancement' with count: 0
2025-06-03 06:34:44,209 - category_counts_updater - INFO - No change needed for category 'E-Commerce Tools' with count: 0
2025-06-03 06:34:44,723 - category_counts_updater - INFO - No change needed for category 'Video Generation' with count: 0
2025-06-03 06:34:44,723 - category_counts_updater - INFO - Category count update completed in 21.27 seconds
2025-06-03 06:34:44,723 - category_counts_updater - INFO - Updated 0 categories out of 38
2025-06-03 06:34:44,723 - category_counts_updater - INFO - Category counts update completed successfully
2025-06-03 06:36:39,503 - category_counts_updater - INFO - Starting category counts update script
2025-06-03 06:36:39,503 - category_counts_updater - INFO - Starting category count update at 2025-06-03 06:36:39.503589
2025-06-03 06:36:41,385 - category_counts_updater - INFO - Found 38 categories to update
2025-06-03 06:36:41,915 - category_counts_updater - INFO - No change needed for category 'SEO Tools' with count: 2
2025-06-03 06:36:42,441 - category_counts_updater - INFO - No change needed for category 'Automation Tools' with count: 22
2025-06-03 06:36:42,966 - category_counts_updater - INFO - No change needed for category 'Image Editing Tools' with count: 17
2025-06-03 06:36:43,495 - category_counts_updater - INFO - No change needed for category 'Business Tools' with count: 19
2025-06-03 06:36:44,021 - category_counts_updater - INFO - No change needed for category 'Document Management' with count: 3
2025-06-03 06:36:44,546 - category_counts_updater - INFO - No change needed for category 'AI Tools' with count: 102
2025-06-03 06:36:45,072 - category_counts_updater - INFO - No change needed for category 'Communication Tools' with count: 8
2025-06-03 06:36:45,597 - category_counts_updater - INFO - No change needed for category 'Education Tools' with count: 7
2025-06-03 06:36:46,124 - category_counts_updater - INFO - No change needed for category 'Social Media Tools' with count: 0
2025-06-03 06:36:46,653 - category_counts_updater - INFO - No change needed for category 'Collaboration Tools' with count: 0
2025-06-03 06:36:47,179 - category_counts_updater - INFO - No change needed for category 'Productivity Tools' with count: 3
2025-06-03 06:36:47,704 - category_counts_updater - INFO - No change needed for category 'Content Creation' with count: 44
2025-06-03 06:36:48,230 - category_counts_updater - INFO - No change needed for category 'Fashion Tools' with count: 1
2025-06-03 06:36:48,756 - category_counts_updater - INFO - No change needed for category 'Marketing Tools' with count: 0
2025-06-03 06:36:49,282 - category_counts_updater - INFO - No change needed for category 'Artificial Intelligence' with count: 37
2025-06-03 06:36:49,807 - category_counts_updater - INFO - No change needed for category 'AI Applications' with count: 0
2025-06-03 06:36:50,335 - category_counts_updater - INFO - No change needed for category 'Communication' with count: 0
2025-06-03 06:36:50,862 - category_counts_updater - INFO - No change needed for category 'Marketing' with count: 0
2025-06-03 06:36:51,388 - category_counts_updater - INFO - No change needed for category 'SEO' with count: 0
2025-06-03 06:36:51,913 - category_counts_updater - INFO - No change needed for category 'Performance Tracking' with count: 0
2025-06-03 06:36:52,440 - category_counts_updater - INFO - No change needed for category 'Bioengineering' with count: 0
2025-06-03 06:36:52,966 - category_counts_updater - INFO - No change needed for category 'Automation' with count: 0
2025-06-03 06:36:53,492 - category_counts_updater - INFO - No change needed for category 'Collaboration' with count: 0
2025-06-03 06:36:53,864 - category_counts_updater - INFO - No change needed for category 'Fashion' with count: 1
2025-06-03 06:36:54,390 - category_counts_updater - INFO - No change needed for category 'Optimization' with count: 0
2025-06-03 06:36:54,916 - category_counts_updater - INFO - No change needed for category 'Model Generation' with count: 0
2025-06-03 06:36:55,442 - category_counts_updater - INFO - No change needed for category 'Image Editing' with count: 0
2025-06-03 06:36:55,970 - category_counts_updater - INFO - No change needed for category 'Social Media' with count: 0
2025-06-03 06:36:56,496 - category_counts_updater - INFO - No change needed for category 'AI Technology' with count: 0
2025-06-03 06:36:57,022 - category_counts_updater - INFO - No change needed for category 'Fashion Related' with count: 0
2025-06-03 06:36:57,554 - category_counts_updater - INFO - No change needed for category 'Image Processing' with count: 0
2025-06-03 06:36:58,079 - category_counts_updater - INFO - No change needed for category 'Optimization Tools' with count: 0
2025-06-03 06:36:58,605 - category_counts_updater - INFO - No change needed for category 'Business Automation' with count: 0
2025-06-03 06:36:59,131 - category_counts_updater - INFO - No change needed for category 'Data Analysis' with count: 0
2025-06-03 06:36:59,656 - category_counts_updater - INFO - No change needed for category 'Language Models' with count: 0
2025-06-03 06:37:00,185 - category_counts_updater - INFO - No change needed for category 'Productivity Enhancement' with count: 0
2025-06-03 06:37:00,714 - category_counts_updater - INFO - No change needed for category 'E-Commerce Tools' with count: 0
2025-06-03 06:37:01,240 - category_counts_updater - INFO - No change needed for category 'Video Generation' with count: 0
2025-06-03 06:37:01,240 - category_counts_updater - INFO - Category count update completed in 21.74 seconds
2025-06-03 06:37:01,240 - category_counts_updater - INFO - Updated 0 categories out of 38
2025-06-03 06:37:01,241 - category_counts_updater - INFO - Category counts update completed successfully
