2025-05-16 09:45:28,546 - category_counts_updater - INFO - Starting category counts update script
2025-05-16 09:45:28,547 - category_counts_updater - INFO - Starting category count update at 2025-05-16 09:45:28.547939
2025-05-16 09:45:35,056 - category_counts_updater - INFO - Found 38 categories to update
2025-05-16 09:45:35,618 - category_counts_updater - INFO - Updated category 'AI Tools' with count: 138
2025-05-16 09:45:36,153 - category_counts_updater - INFO - Updated category 'Content Creation' with count: 57
2025-05-16 09:45:36,709 - category_counts_updater - INFO - Updated category 'SEO Tools' with count: 2
2025-05-16 09:45:37,261 - category_counts_updater - INFO - Updated category 'Automation Tools' with count: 30
2025-05-16 09:45:37,795 - category_counts_updater - INFO - Updated category 'Communication Tools' with count: 9
2025-05-16 09:45:38,355 - category_counts_updater - INFO - Updated category 'Image Editing Tools' with count: 19
2025-05-16 09:45:38,906 - category_counts_updater - INFO - Updated category 'Fashion Tools' with count: 1
2025-05-16 09:45:39,496 - category_counts_updater - INFO - Updated category 'Business Tools' with count: 33
2025-05-16 09:45:40,106 - category_counts_updater - INFO - Updated category 'Collaboration Tools' with count: 1
2025-05-16 09:45:40,625 - category_counts_updater - INFO - Updated category 'Productivity Tools' with count: 9
2025-05-16 09:45:41,145 - category_counts_updater - INFO - Updated category 'Marketing Tools' with count: 2
2025-05-16 09:45:41,696 - category_counts_updater - INFO - Updated category 'Education Tools' with count: 11
2025-05-16 09:45:42,233 - category_counts_updater - INFO - Updated category 'Artificial Intelligence' with count: 47
2025-05-16 09:45:42,785 - category_counts_updater - INFO - Updated category 'Document Management' with count: 7
2025-05-16 09:45:43,305 - category_counts_updater - INFO - Updated category 'Social Media Tools' with count: 0
2025-05-16 09:45:43,907 - category_counts_updater - INFO - No change needed for category 'AI Applications' with count: 0
2025-05-16 09:45:44,826 - category_counts_updater - INFO - No change needed for category 'Automation' with count: 0
2025-05-16 09:45:45,195 - category_counts_updater - INFO - Updated category 'Fashion' with count: 1
2025-05-16 09:45:45,718 - category_counts_updater - INFO - No change needed for category 'Optimization' with count: 0
2025-05-16 09:45:46,262 - category_counts_updater - INFO - No change needed for category 'Communication' with count: 0
2025-05-16 09:45:46,798 - category_counts_updater - INFO - No change needed for category 'Marketing' with count: 0
2025-05-16 09:45:47,340 - category_counts_updater - INFO - No change needed for category 'Model Generation' with count: 0
2025-05-16 09:45:47,901 - category_counts_updater - INFO - No change needed for category 'Image Editing' with count: 0
2025-05-16 09:45:48,448 - category_counts_updater - INFO - No change needed for category 'SEO' with count: 0
2025-05-16 09:45:48,992 - category_counts_updater - INFO - No change needed for category 'Social Media' with count: 0
2025-05-16 09:45:49,556 - category_counts_updater - INFO - No change needed for category 'Collaboration' with count: 0
2025-05-16 09:45:50,112 - category_counts_updater - INFO - No change needed for category 'Performance Tracking' with count: 0
2025-05-16 09:45:50,673 - category_counts_updater - INFO - No change needed for category 'Bioengineering' with count: 0
2025-05-16 09:45:51,255 - category_counts_updater - INFO - No change needed for category 'AI Technology' with count: 0
2025-05-16 09:45:51,754 - category_counts_updater - INFO - No change needed for category 'Optimization Tools' with count: 0
2025-05-16 09:45:52,313 - category_counts_updater - INFO - No change needed for category 'Image Processing' with count: 0
2025-05-16 09:45:52,833 - category_counts_updater - INFO - No change needed for category 'Business Automation' with count: 0
2025-05-16 09:45:53,362 - category_counts_updater - INFO - No change needed for category 'Fashion Related' with count: 0
2025-05-16 09:45:53,907 - category_counts_updater - INFO - No change needed for category 'Data Analysis' with count: 0
2025-05-16 09:45:54,458 - category_counts_updater - INFO - No change needed for category 'Language Models' with count: 0
2025-05-16 09:45:55,025 - category_counts_updater - INFO - No change needed for category 'Productivity Enhancement' with count: 0
2025-05-16 09:45:55,585 - category_counts_updater - INFO - No change needed for category 'E-Commerce Tools' with count: 0
2025-05-16 09:45:56,125 - category_counts_updater - INFO - No change needed for category 'Video Generation' with count: 0
2025-05-16 09:45:56,125 - category_counts_updater - INFO - Category count update completed in 27.58 seconds
2025-05-16 09:45:56,126 - category_counts_updater - INFO - Updated 16 categories out of 38
2025-05-16 09:45:56,126 - category_counts_updater - INFO - Category counts update completed successfully
